<?xml version="1.0" encoding="UTF-8"?>
<testng-results ignored="0" total="8" passed="8" failed="0" skipped="0">
  <reporter-output>
  </reporter-output>
  <suite started-at="2026-04-06T21:06:55 IST" name="Suite" finished-at="2026-04-06T21:06:55 IST" duration-ms="101">
    <groups>
      <group name="RBB2C">
        <method signature="Test_NG_2.aMethod()[pri:0, instance:Selenium_FrameWork.Test_NG_2@3c77d488]" name="aMethod" class="Selenium_FrameWork.Test_NG_2"/>
        <method signature="Test_NG_2.bMethod()[pri:0, instance:Selenium_FrameWork.Test_NG_2@3c77d488]" name="bMethod" class="Selenium_FrameWork.Test_NG_2"/>
        <method signature="Test_NG_2.cMethod()[pri:0, instance:Selenium_FrameWork.Test_NG_2@3c77d488]" name="cMethod" class="Selenium_FrameWork.Test_NG_2"/>
        <method signature="Test_NG_2.dMethod()[pri:0, instance:Selenium_FrameWork.Test_NG_2@3c77d488]" name="dMethod" class="Selenium_FrameWork.Test_NG_2"/>
      </group> <!-- RBB2C -->
      <group name="Sanity">
        <method signature="Test_NG_1.d()[pri:0, instance:Selenium_FrameWork.Test_NG_1@4686afc2]" name="d" class="Selenium_FrameWork.Test_NG_1"/>
      </group> <!-- Sanity -->
      <group name="Regression">
        <method signature="Test_NG_1.a()[pri:0, instance:Selenium_FrameWork.Test_NG_1@4686afc2]" name="a" class="Selenium_FrameWork.Test_NG_1"/>
        <method signature="Test_NG_1.b()[pri:0, instance:Selenium_FrameWork.Test_NG_1@4686afc2]" name="b" class="Selenium_FrameWork.Test_NG_1"/>
      </group> <!-- Regression -->
      <group name="Smoke">
        <method signature="Test_NG_1.c()[pri:0, instance:Selenium_FrameWork.Test_NG_1@4686afc2]" name="c" class="Selenium_FrameWork.Test_NG_1"/>
      </group> <!-- Smoke -->
    </groups>
    <test started-at="2026-04-06T21:06:55 IST" name="Shubham_Jogdand_QA_Engineer_SDET" finished-at="2026-04-06T21:06:55 IST" duration-ms="101">
      <class name="Selenium_FrameWork.Test_NG_1">
        <test-method signature="a()[pri:0, instance:Selenium_FrameWork.Test_NG_1@4686afc2]" started-at="2026-04-06T21:06:55 IST" name="a" finished-at="2026-04-06T21:06:55 IST" duration-ms="14" status="PASS">
          <reporter-output>
          </reporter-output>
        </test-method> <!-- a -->
        <test-method signature="b()[pri:0, instance:Selenium_FrameWork.Test_NG_1@4686afc2]" started-at="2026-04-06T21:06:55 IST" name="b" finished-at="2026-04-06T21:06:55 IST" duration-ms="2" status="PASS">
          <reporter-output>
          </reporter-output>
        </test-method> <!-- b -->
        <test-method signature="c()[pri:0, instance:Selenium_FrameWork.Test_NG_1@4686afc2]" started-at="2026-04-06T21:06:55 IST" name="c" finished-at="2026-04-06T21:06:55 IST" duration-ms="0" status="PASS">
          <reporter-output>
          </reporter-output>
        </test-method> <!-- c -->
        <test-method signature="d()[pri:0, instance:Selenium_FrameWork.Test_NG_1@4686afc2]" started-at="2026-04-06T21:06:55 IST" name="d" finished-at="2026-04-06T21:06:55 IST" duration-ms="2" status="PASS">
          <reporter-output>
          </reporter-output>
        </test-method> <!-- d -->
      </class> <!-- Selenium_FrameWork.Test_NG_1 -->
      <class name="Selenium_FrameWork.Test_NG_2">
        <test-method signature="aMethod()[pri:0, instance:Selenium_FrameWork.Test_NG_2@3c77d488]" started-at="2026-04-06T21:06:55 IST" name="aMethod" finished-at="2026-04-06T21:06:55 IST" duration-ms="2" status="PASS">
          <reporter-output>
          </reporter-output>
        </test-method> <!-- aMethod -->
        <test-method signature="bMethod()[pri:0, instance:Selenium_FrameWork.Test_NG_2@3c77d488]" started-at="2026-04-06T21:06:55 IST" name="bMethod" finished-at="2026-04-06T21:06:55 IST" duration-ms="2" status="PASS">
          <reporter-output>
          </reporter-output>
        </test-method> <!-- bMethod -->
        <test-method signature="cMethod()[pri:0, instance:Selenium_FrameWork.Test_NG_2@3c77d488]" started-at="2026-04-06T21:06:55 IST" name="cMethod" finished-at="2026-04-06T21:06:55 IST" duration-ms="3" status="PASS">
          <reporter-output>
          </reporter-output>
        </test-method> <!-- cMethod -->
        <test-method signature="dMethod()[pri:0, instance:Selenium_FrameWork.Test_NG_2@3c77d488]" started-at="2026-04-06T21:06:55 IST" name="dMethod" finished-at="2026-04-06T21:06:55 IST" duration-ms="2" status="PASS">
          <reporter-output>
          </reporter-output>
        </test-method> <!-- dMethod -->
      </class> <!-- Selenium_FrameWork.Test_NG_2 -->
    </test> <!-- Shubham_Jogdand_QA_Engineer_SDET -->
  </suite> <!-- Suite -->
</testng-results>
